<?xml version="1.0" encoding="UTF-8"?>
<!-- Generated by org.testng.reporters.JUnitReportReporter -->
<testsuite hostname="DESKTOP-J1ROOLS" failures="0" tests="1" name="com.api.test.TestRunner" time="5.946" errors="0" timestamp="2022-10-25T11:16:19 PKT" skipped="0">
  <testcase classname="com.api.test.TestRunner" name="runScenario" time="5.946"/>
  <system-out/>
</testsuite> <!-- com.api.test.TestRunner -->
